[0m17:12:48.386993 [debug] [MainThread]: Sending event: {'category': 'dbt', 'action': 'invocation', 'label': 'start', 'context': [<snowplow_tracker.self_describing_json.SelfDescribingJson object at 0x7fe85e9403d0>, <snowplow_tracker.self_describing_json.SelfDescribingJson object at 0x7fe85da91790>, <snowplow_tracker.self_describing_json.SelfDescribingJson object at 0x7fe85cf8f6a0>]}


============================== 17:12:48.399403 | b0947411-e6c3-4ca5-98b9-f04433d9b92c ==============================
[0m17:12:48.399403 [info ] [MainThread]: Running with dbt=1.8.5
[0m17:12:48.400339 [debug] [MainThread]: running dbt with arguments {'printer_width': '80', 'indirect_selection': 'eager', 'write_json': 'True', 'log_cache_events': 'False', 'partial_parse': 'True', 'cache_selected_only': 'False', 'warn_error': 'None', 'version_check': 'True', 'fail_fast': 'False', 'log_path': 'logs', 'debug': 'False', 'profiles_dir': '/home/rama/.dbt', 'use_colors': 'True', 'use_experimental_parser': 'False', 'empty': 'None', 'quiet': 'False', 'no_print': 'None', 'warn_error_options': 'WarnErrorOptions(include=[], exclude=[])', 'introspect': 'True', 'invocation_command': 'dbt init', 'log_format': 'default', 'target_path': 'None', 'static_parser': 'True', 'send_anonymous_usage_stats': 'True'}
[0m17:13:06.893024 [debug] [MainThread]: Starter project path: /mnt/c/Users/ramad/Downloads/project-2/dbt/env/lib/python3.8/site-packages/dbt/include/starter_project
[0m17:13:07.203872 [info ] [MainThread]: 
Your new dbt project "data_warehouse" was created!

For more information on how to configure the profiles.yml file,
please consult the dbt documentation here:

  https://docs.getdbt.com/docs/configure-your-profile

One more thing:

Need help? Don't hesitate to reach out to us via GitHub issues or on Slack:

  https://community.getdbt.com/

Happy modeling!

[0m17:13:07.204613 [info ] [MainThread]: Setting up your profile.
[0m17:16:20.919831 [info ] [MainThread]: Profile data_warehouse written to /home/rama/.dbt/profiles.yml using target's profile_template.yml and your supplied values. Run 'dbt debug' to validate the connection.
[0m17:16:20.926986 [debug] [MainThread]: Resource report: {"command_name": "init", "command_success": true, "command_wall_clock_time": 212.61618, "process_user_time": 1.307045, "process_kernel_time": 0.826052, "process_mem_max_rss": "85724", "process_in_blocks": "17456", "process_out_blocks": "8"}
[0m17:16:20.928000 [debug] [MainThread]: Command `dbt init` succeeded at 17:16:20.927826 after 212.62 seconds
[0m17:16:20.928519 [debug] [MainThread]: Sending event: {'category': 'dbt', 'action': 'invocation', 'label': 'end', 'context': [<snowplow_tracker.self_describing_json.SelfDescribingJson object at 0x7fe85e9403d0>, <snowplow_tracker.self_describing_json.SelfDescribingJson object at 0x7fe85ce6e9a0>, <snowplow_tracker.self_describing_json.SelfDescribingJson object at 0x7fe85b49bbe0>]}
[0m17:16:20.929235 [debug] [MainThread]: Flushing usage events
